{"data":{"__v":0,"_id":"661fb3e8eca15f681bf022b5","createdAt":"2024-04-17T11:35:04.787Z","email":"talktojason@gmail.com","firstName":"jason","lastName":"ohiri","password":"$2b$10$CSAVF9j4Y8B4RcJRqlYP5.KLgeDqfjEs9TARFu5NIPLhspe4vXy86","role":"USER","updatedAt":"2024-04-17T11:35:04.787Z"},"level":"info","message":"Login Successful","timestamp":"17-04-2024 07:39:04.638 PM"}
{"data":{"__v":0,"_id":"661fb3e8eca15f681bf022b5","createdAt":"2024-04-17T11:35:04.787Z","email":"talktojason@gmail.com","firstName":"jason","lastName":"ohiri","password":"$2b$10$CSAVF9j4Y8B4RcJRqlYP5.KLgeDqfjEs9TARFu5NIPLhspe4vXy86","role":"USER","updatedAt":"2024-04-17T11:35:04.787Z"},"level":"info","message":"Login Successful","timestamp":"17-04-2024 07:39:22.990 PM"}
{"level":"error","message":"Unhandled Rejection: logger is not defined","timestamp":"17-04-2024 07:40:17.981 PM"}
{"level":"error","message":"Unhandled Rejection: logger is not defined","timestamp":"17-04-2024 07:44:19.342 PM"}
{"level":"error","message":"Unhandled Rejection: logger is not defined","timestamp":"17-04-2024 07:50:06.957 PM"}
{"level":"error","message":"Unhandled Rejection: logger is not defined","timestamp":"17-04-2024 07:51:39.274 PM"}
{"level":"error","message":"Unhandled Rejection: logger is not defined","timestamp":"19-04-2024 10:09:33.989 AM"}
{"level":"error","message":"Unhandled Rejection: logger is not defined","timestamp":"19-04-2024 11:06:13.407 AM"}
{"level":"error","message":"Error creating blog draft: E11000 duplicate key error collection: blogapi.blogs index: title_1 dup key: { title: \"Oluwmides1ssd0 Blog validation\" }","timestamp":"19-04-2024 11:09:16.257 AM"}
{"level":"error","message":"Error creating blog draft: E11000 duplicate key error collection: blogapi.blogs index: title_1 dup key: { title: \"Oluwmides1ssd0 Blog validation\" }","timestamp":"19-04-2024 11:09:44.869 AM"}
{"level":"error","message":"Error creating blog draft: E11000 duplicate key error collection: blogapi.blogs index: title_1 dup key: { title: \"Oluwmides1ssd0 Blog validation\" }","timestamp":"19-04-2024 11:09:59.275 AM"}
{"level":"error","message":"Unhandled Rejection: logger is not defined","timestamp":"19-04-2024 11:10:15.041 AM"}
{"level":"error","message":"Error creating blog draft: E11000 duplicate key error collection: blogapi.blogs index: title_1 dup key: { title: \"Oluwmides1ssd0 Blog validation\" }","timestamp":"19-04-2024 11:10:36.504 AM"}
{"level":"error","message":"Error creating blog draft: E11000 duplicate key error collection: blogapi.blogs index: title_1 dup key: { title: \"Oluwmides1ssd0 Blog validation\" }","timestamp":"19-04-2024 11:10:42.920 AM"}
{"level":"info","message":"Blog draft created successfully","timestamp":"19-04-2024 11:10:56.492 AM"}
{"data":{"__v":0,"_id":"6622229db42b1d0933a09d6a","createdAt":"2024-04-19T07:51:57.415Z","email":"talktoolumide@gmail.com","firstName":"Olumide","lastName":"Adenigba","password":"$2b$10$uz8zhc/CqeGU9He1CXB4COO.MI1wQW6jqZzl8bkv6AblLnIlDXsIK","role":"USER","updatedAt":"2024-04-19T07:51:57.415Z"},"level":"info","message":"Login Successful","timestamp":"19-04-2024 11:12:08.873 AM"}
{"level":"info","message":"POST /auth/signidn ::1","timestamp":"19-04-2024 11:16:16.651 AM"}
{"data":{"__v":0,"_id":"6622229db42b1d0933a09d6a","createdAt":"2024-04-19T07:51:57.415Z","email":"talktoolumide@gmail.com","firstName":"Olumide","lastName":"Adenigba","password":"$2b$10$uz8zhc/CqeGU9He1CXB4COO.MI1wQW6jqZzl8bkv6AblLnIlDXsIK","role":"USER","updatedAt":"2024-04-19T07:51:57.415Z"},"level":"info","message":"Login Successful","timestamp":"19-04-2024 11:16:36.528 AM"}
{"level":"info","message":"POST /auth/sigsnin ::1","timestamp":"19-04-2024 11:17:07.665 AM"}
{"level":"info","message":"POST /auth/login ::ffff:127.0.0.1","timestamp":"19-04-2024 12:13:30.014 PM"}
{"level":"info","message":"POST /auth/register ::ffff:127.0.0.1","timestamp":"19-04-2024 12:13:30.148 PM"}
{"level":"info","message":"POST /auth/login ::ffff:127.0.0.1","timestamp":"19-04-2024 12:13:30.169 PM"}
{"level":"info","message":"Blog draft created successfully","timestamp":"19-04-2024 01:29:16.642 PM"}
{"data":{},"level":"info","message":"User created successfully","timestamp":"19-04-2024 01:40:24.496 PM"}
{"error":"Failed to save user","level":"error","message":"Registration failed","timestamp":"19-04-2024 01:40:24.515 PM"}
{"data":{"_id":"123","email":"test@example.com","firstName":"John","lastName":"Doe","password":"hashedPassword"},"level":"info","message":"Login Successful","timestamp":"19-04-2024 01:40:24.518 PM"}
{"error":"Failed to find user","level":"error","message":"Authentication Failed","timestamp":"19-04-2024 01:40:24.526 PM"}
{"level":"error","message":"Error creating blog draft: E11000 duplicate key error collection: test.blogs index: title_1 dup key: { title: \"Test Blog\" }","timestamp":"19-04-2024 01:53:37.913 PM"}
{"level":"error","message":"Error requesting blog by Id: Cast to ObjectId failed for value \"undefined\" (type string) at path \"_id\" for model \"Blog\"","timestamp":"19-04-2024 01:53:37.941 PM"}
{"level":"error","message":"Error updating blog: Cast to ObjectId failed for value \"undefined\" (type string) at path \"_id\" for model \"Blog\"","timestamp":"19-04-2024 01:53:38.039 PM"}
{"level":"error","message":"Error deleting blog: Cast to ObjectId failed for value \"undefined\" (type string) at path \"_id\" for model \"Blog\"","timestamp":"19-04-2024 01:53:38.069 PM"}
{"level":"error","message":"Error creating blog draft: E11000 duplicate key error collection: test.blogs index: title_1 dup key: { title: \"Test Blog\" }","timestamp":"19-04-2024 02:21:58.921 PM"}
{"level":"error","message":"Error requesting blog by Id: Cast to ObjectId failed for value \"undefined\" (type string) at path \"_id\" for model \"Blog\"","timestamp":"19-04-2024 02:21:58.954 PM"}
{"level":"error","message":"Error updating blog: Cast to ObjectId failed for value \"undefined\" (type string) at path \"_id\" for model \"Blog\"","timestamp":"19-04-2024 02:21:59.014 PM"}
{"level":"error","message":"Error deleting blog: Cast to ObjectId failed for value \"undefined\" (type string) at path \"_id\" for model \"Blog\"","timestamp":"19-04-2024 02:21:59.033 PM"}
{"level":"info","message":"Blog draft created successfully","timestamp":"19-04-2024 08:32:33.735 PM"}
{"data":{"__v":0,"_id":"6622c8ee9f6f6a73a694e012","createdAt":"2024-04-19T19:41:34.490Z","email":"talktosanmi@gmail.com","firstName":"Sanmi","lastName":"Mosiko","password":"$2b$10$78ZkoWCuTAHFo.lj2Vkijeqs8SeJsb86SIxSUEf09FIpwiy75oC1i","role":"USER","updatedAt":"2024-04-19T19:41:34.490Z"},"level":"info","message":"User created successfully","timestamp":"19-04-2024 08:41:34.497 PM"}
{"data":{"__v":0,"_id":"6622229db42b1d0933a09d6a","createdAt":"2024-04-19T07:51:57.415Z","email":"talktoolumide@gmail.com","firstName":"Olumide","lastName":"Adenigba","password":"$2b$10$uz8zhc/CqeGU9He1CXB4COO.MI1wQW6jqZzl8bkv6AblLnIlDXsIK","role":"USER","updatedAt":"2024-04-19T07:51:57.415Z"},"level":"info","message":"Login Successful","timestamp":"19-04-2024 08:45:20.134 PM"}
{"level":"info","message":"Blog draft created successfully","timestamp":"19-04-2024 08:46:13.409 PM"}
{"data":{"__v":0,"_id":"6622229db42b1d0933a09d6a","createdAt":"2024-04-19T07:51:57.415Z","email":"talktoolumide@gmail.com","firstName":"Olumide","lastName":"Adenigba","password":"$2b$10$uz8zhc/CqeGU9He1CXB4COO.MI1wQW6jqZzl8bkv6AblLnIlDXsIK","role":"USER","updatedAt":"2024-04-19T07:51:57.415Z"},"level":"info","message":"Login Successful","timestamp":"19-04-2024 08:48:05.685 PM"}
{"level":"info","message":"All authors blogs requested successfully","timestamp":"19-04-2024 08:48:46.146 PM"}
{"level":"info","message":"All authors blogs requested successfully","timestamp":"19-04-2024 08:48:55.312 PM"}
{"level":"info","message":"All Blogs requested successfully","timestamp":"19-04-2024 08:49:10.164 PM"}
{"level":"info","message":"Blog requested successfully by Id","timestamp":"19-04-2024 08:49:40.846 PM"}
{"data":{"__v":0,"_id":"66222575da1b3396d4286038","createdAt":"2024-04-19T08:04:05.211Z","email":"talktoife@gmail.com","firstName":"Ife","lastName":"Adenle","password":"$2b$10$zlsNcj0EmNy830gHp4SOHeGiV9eQUHLVioB3cueC1jZITaouMjBum","role":"USER","updatedAt":"2024-04-19T08:04:05.211Z"},"level":"info","message":"Login Successful","timestamp":"19-04-2024 08:51:30.422 PM"}
{"level":"info","message":"All authors blogs requested successfully","timestamp":"19-04-2024 08:52:11.790 PM"}
{"level":"info","message":"All authors blogs requested successfully","timestamp":"19-04-2024 08:52:14.303 PM"}
{"data":{"__v":0,"_id":"66222575da1b3396d4286038","createdAt":"2024-04-19T08:04:05.211Z","email":"talktoife@gmail.com","firstName":"Ife","lastName":"Adenle","password":"$2b$10$zlsNcj0EmNy830gHp4SOHeGiV9eQUHLVioB3cueC1jZITaouMjBum","role":"USER","updatedAt":"2024-04-19T08:04:05.211Z"},"level":"info","message":"Login Successful","timestamp":"19-04-2024 08:55:22.389 PM"}
{"level":"info","message":"Blog draft created successfully","timestamp":"19-04-2024 08:55:51.519 PM"}
{"level":"info","message":"Blog draft created successfully","timestamp":"19-04-2024 08:55:57.985 PM"}
{"level":"info","message":"Blog draft created successfully","timestamp":"19-04-2024 08:56:07.215 PM"}
{"data":{"__v":0,"_id":"662222b4b42b1d0933a09d6e","createdAt":"2024-04-19T07:52:20.017Z","email":"talktoayomide@gmail.com","firstName":"Ayomide","lastName":"Adenigba","password":"$2b$10$O8.IcpoqoIFrSw7qopiPqOveXC2rj8bNf6S0jqOkTBdUADJkEwUoO","role":"USER","updatedAt":"2024-04-19T07:52:20.017Z"},"level":"info","message":"Login Successful","timestamp":"19-04-2024 08:56:28.305 PM"}
{"level":"info","message":"Blog draft created successfully","timestamp":"19-04-2024 08:57:24.989 PM"}
{"level":"info","message":"Blog draft created successfully","timestamp":"19-04-2024 08:57:31.589 PM"}
{"data":{"__v":0,"_id":"66222594da1b3396d428603c","createdAt":"2024-04-19T08:04:36.616Z","email":"talktosanmi@gmail.com","firstName":"Sanmi","lastName":"Mosiko","password":"$2b$10$.7iFVE2tBIp40fMlbovbwOiMFyWiG1TI96rQDbVctor7plr1HbhOy","role":"USER","updatedAt":"2024-04-19T08:04:36.616Z"},"level":"info","message":"Login Successful","timestamp":"19-04-2024 08:57:48.476 PM"}
{"level":"info","message":"Blog draft created successfully","timestamp":"19-04-2024 08:58:12.280 PM"}
{"level":"info","message":"Blog draft created successfully","timestamp":"19-04-2024 08:58:17.773 PM"}
{"level":"info","message":"Blog draft created successfully","timestamp":"19-04-2024 08:58:24.833 PM"}
{"data":{"__v":0,"_id":"6622229db42b1d0933a09d6a","createdAt":"2024-04-19T07:51:57.415Z","email":"talktoolumide@gmail.com","firstName":"Olumide","lastName":"Adenigba","password":"$2b$10$uz8zhc/CqeGU9He1CXB4COO.MI1wQW6jqZzl8bkv6AblLnIlDXsIK","role":"USER","updatedAt":"2024-04-19T07:51:57.415Z"},"level":"info","message":"Login Successful","timestamp":"19-04-2024 09:02:28.618 PM"}
{"level":"info","message":"Blog draft created successfully","timestamp":"19-04-2024 09:02:55.771 PM"}
{"level":"info","message":"Blog draft created successfully","timestamp":"19-04-2024 09:03:01.258 PM"}
{"level":"info","message":"Blog draft created successfully","timestamp":"19-04-2024 09:03:10.133 PM"}
{"level":"info","message":"Blog draft created successfully","timestamp":"19-04-2024 09:03:15.883 PM"}
{"data":{"__v":0,"_id":"66222222b42b1d0933a09d62","createdAt":"2024-04-19T07:49:55.002Z","email":"talktostan@gmail.com","firstName":"Stanley","lastName":"ohiri","password":"$2b$10$vy/d87Dab7S.TzwNr.92kOU5XmPqT4oVat6RLM0KIFGOU1cGR9Vw2","role":"USER","updatedAt":"2024-04-19T07:49:55.002Z"},"level":"info","message":"Login Successful","timestamp":"19-04-2024 09:03:52.301 PM"}
{"level":"info","message":"Blog draft created successfully","timestamp":"19-04-2024 09:04:22.075 PM"}
{"level":"info","message":"Blog draft created successfully","timestamp":"19-04-2024 09:04:25.891 PM"}
{"level":"info","message":"Blog draft created successfully","timestamp":"19-04-2024 09:04:36.869 PM"}
{"data":{"__v":0,"_id":"6622224ab42b1d0933a09d66","createdAt":"2024-04-19T07:50:34.774Z","email":"talktojason@gmail.com","firstName":"jason","lastName":"ohiri","password":"$2b$10$gvZTqQR7VwvzQFBt/hY/rOv8l.Ae5EwFCr9l6tEF0sAW7ab8Jx9k2","role":"USER","updatedAt":"2024-04-19T07:50:34.774Z"},"level":"info","message":"Login Successful","timestamp":"19-04-2024 09:04:54.882 PM"}
{"level":"info","message":"Blog draft created successfully","timestamp":"19-04-2024 09:05:37.154 PM"}
{"level":"info","message":"Blog draft created successfully","timestamp":"19-04-2024 09:05:45.058 PM"}
{"level":"info","message":"Blog draft created successfully","timestamp":"19-04-2024 09:05:51.351 PM"}
{"level":"info","message":"Blog draft created successfully","timestamp":"19-04-2024 09:05:54.219 PM"}
{"level":"info","message":"Blog draft created successfully","timestamp":"19-04-2024 09:07:11.030 PM"}
{"level":"info","message":"All Blogs requested successfully","timestamp":"19-04-2024 09:07:21.651 PM"}
{"level":"info","message":"Blog updated successfully","timestamp":"19-04-2024 09:10:35.025 PM"}
{"level":"info","message":"Blog deleted successfully","timestamp":"19-04-2024 09:16:58.699 PM"}
{"level":"info","message":"Blog published successfully","timestamp":"19-04-2024 09:18:45.964 PM"}
{"level":"info","message":"Blog published successfully","timestamp":"19-04-2024 09:19:00.884 PM"}
{"level":"info","message":"Blog published successfully","timestamp":"19-04-2024 09:19:16.209 PM"}
{"level":"info","message":"All authors blogs requested successfully","timestamp":"19-04-2024 09:19:43.887 PM"}
{"level":"info","message":"All Blogs requested successfully","timestamp":"19-04-2024 09:20:04.576 PM"}
{"level":"info","message":"Blog requested successfully by Id","timestamp":"19-04-2024 09:20:19.802 PM"}
{"level":"info","message":"Blog draft created successfully","timestamp":"19-04-2024 09:21:02.152 PM"}
{"level":"error","message":"Error updating blog: Blog validation failed: body: Path `body` is required.","timestamp":"19-04-2024 09:21:02.238 PM"}
{"level":"info","message":"Blog deleted successfully","timestamp":"19-04-2024 09:21:02.262 PM"}
{"level":"info","message":"Blog draft created successfully","timestamp":"19-04-2024 09:41:37.563 PM"}
{"level":"error","message":"Error requesting blog by Id: Cast to ObjectId failed for value \"undefined\" (type string) at path \"_id\" for model \"Blog\"","timestamp":"19-04-2024 09:41:37.621 PM"}
{"level":"error","message":"Error updating blog: Cast to ObjectId failed for value \"undefined\" (type string) at path \"_id\" for model \"Blog\"","timestamp":"19-04-2024 09:41:37.670 PM"}
{"level":"error","message":"Error deleting blog: Cast to ObjectId failed for value \"undefined\" (type string) at path \"_id\" for model \"Blog\"","timestamp":"19-04-2024 09:41:37.687 PM"}
{"data":{"__v":0,"_id":"6622224ab42b1d0933a09d66","createdAt":"2024-04-19T07:50:34.774Z","email":"talktojason@gmail.com","firstName":"jason","lastName":"ohiri","password":"$2b$10$gvZTqQR7VwvzQFBt/hY/rOv8l.Ae5EwFCr9l6tEF0sAW7ab8Jx9k2","role":"USER","updatedAt":"2024-04-19T07:50:34.774Z"},"level":"info","message":"Login Successful","timestamp":"20-04-2024 09:59:16.835 AM"}
{"level":"error","message":"Error requesting all authors blogs: Cast to ObjectId failed for value \"{ authorId: '6622224ab42b1d0933a09d66' }\" (type Object) at path \"_id\" for model \"Blog\"","timestamp":"20-04-2024 09:59:35.310 AM"}
{"level":"info","message":"All authors blogs requested successfully","timestamp":"20-04-2024 10:00:29.227 AM"}
